<?xml version="1.0" encoding="UTF-8"?>
<testng-results ignored="0" total="2" passed="2" failed="0" skipped="0">
  <reporter-output>
  </reporter-output>
  <suite started-at="2024-03-01T02:19:39 IST" name="Default suite" finished-at="2024-03-01T02:20:20 IST" duration-ms="40570">
    <groups>
    </groups>
    <test started-at="2024-03-01T02:19:39 IST" name="Default test" finished-at="2024-03-01T02:20:20 IST" duration-ms="40570">
      <class name="Automation.Launch_browser">
        <test-method signature="LoginWithValidUsernameInvalidPassword()[pri:0, instance:Automation.Launch_browser@595b007d]" started-at="2024-03-01T02:19:39 IST" name="LoginWithValidUsernameInvalidPassword" finished-at="2024-03-01T02:20:01 IST" duration-ms="21045" status="PASS">
          <reporter-output>
          </reporter-output>
        </test-method> <!-- LoginWithValidUsernameInvalidPassword -->
        <test-method signature="LoginwithValidCredentials()[pri:0, instance:Automation.Launch_browser@595b007d]" started-at="2024-03-01T02:20:01 IST" name="LoginwithValidCredentials" finished-at="2024-03-01T02:20:20 IST" duration-ms="19471" status="PASS">
          <reporter-output>
          </reporter-output>
        </test-method> <!-- LoginwithValidCredentials -->
      </class> <!-- Automation.Launch_browser -->
    </test> <!-- Default test -->
  </suite> <!-- Default suite -->
</testng-results>
